make[1]: Entering directory '/workspaces/CC'
gradle runRoverApp --args="3 0.0 10.0 5001"

Welcome to Gradle 9.2.1!

Here are the highlights of this release:
 - Windows ARM support
 - Improved publishing APIs
 - Better guidance for dependency verification failures

For more details see https://docs.gradle.org/9.2.1/release-notes.html

Starting a Gradle Daemon, 2 incompatible Daemons could not be reused, use --status for details
> Task :compileJava
> Task :processResources NO-SOURCE
> Task :classes

> Task :runRoverApp
=== Rover - Sistema de Exploração ===
Rover ID: 3 | Posição: (0.00, 10.00) | Porta: 5001
Rover iniciado. Pressione CTRL+C para parar.
[ClienteUDP] Rover 3 iniciado na porta 9013
[TCP] Conexão TCP estabelecida para telemetria -> 127.0.0.1:5001
[TCP] Telemetria enviada: MensagemTCP{header=CabecalhoTCP{tipo=MSG_TELEMETRY, e=3, r=1, missao=-1, ts=1763755044655}, payload=Telemetria{(0.00,10.00), estado=ESTADO_DISPONIVEL, bateria=100.0%, vel=0.00m/s}}
[ClienteUDP] HELLO recebido - Missão ID: 2
[ClienteUDP] Rover disponível - Aguardando fragmentos MISSION
[ClienteUDP] RESPONSE enviado (sucesso=true)
[ClienteUDP] Fragmento recebido: seq=2/2
[ClienteUDP] Progresso: 1/0
[TCP] Telemetria enviada: MensagemTCP{header=CabecalhoTCP{tipo=MSG_TELEMETRY, e=3, r=1, missao=-1, ts=1763755049164}, payload=Telemetria{(0.00,10.00), estado=ESTADO_DISPONIVEL, bateria=100.0%, vel=0.00m/s}}
[TCP] Telemetria enviada: MensagemTCP{header=CabecalhoTCP{tipo=MSG_TELEMETRY, e=3, r=1, missao=-1, ts=1763755054170}, payload=Telemetria{(0.00,10.00), estado=ESTADO_DISPONIVEL, bateria=100.0%, vel=0.00m/s}}
[TCP] Telemetria enviada: MensagemTCP{header=CabecalhoTCP{tipo=MSG_TELEMETRY, e=3, r=1, missao=-1, ts=1763755059176}, payload=Telemetria{(0.00,10.00), estado=ESTADO_DISPONIVEL, bateria=100.0%, vel=0.00m/s}}
[TCP] Telemetria enviada: MensagemTCP{header=CabecalhoTCP{tipo=MSG_TELEMETRY, e=3, r=1, missao=-1, ts=1763755064182}, payload=Telemetria{(0.00,10.00), estado=ESTADO_DISPONIVEL, bateria=100.0%, vel=0.00m/s}}
[ClienteUDP] HELLO recebido - Missão ID: 2
[ClienteUDP] Rover disponível - Aguardando fragmentos MISSION
[ClienteUDP] RESPONSE enviado (sucesso=true)
[ClienteUDP] Fragmento recebido: seq=2/2
[ClienteUDP] Progresso: 1/0
[TCP] Telemetria enviada: MensagemTCP{header=CabecalhoTCP{tipo=MSG_TELEMETRY, e=3, r=1, missao=-1, ts=1763755069188}, payload=Telemetria{(0.00,10.00), estado=ESTADO_DISPONIVEL, bateria=100.0%, vel=0.00m/s}}
[TCP] Telemetria enviada: MensagemTCP{header=CabecalhoTCP{tipo=MSG_TELEMETRY, e=3, r=1, missao=-1, ts=1763755074194}, payload=Telemetria{(0.00,10.00), estado=ESTADO_DISPONIVEL, bateria=100.0%, vel=0.00m/s}}
[TCP] Telemetria enviada: MensagemTCP{header=CabecalhoTCP{tipo=MSG_TELEMETRY, e=3, r=1, missao=-1, ts=1763755079199}, payload=Telemetria{(0.00,10.00), estado=ESTADO_DISPONIVEL, bateria=100.0%, vel=0.00m/s}}
[ClienteUDP] HELLO recebido - Missão ID: 2
[ClienteUDP] Rover disponível - Aguardando fragmentos MISSION
[ClienteUDP] RESPONSE enviado (sucesso=true)
[ClienteUDP] Fragmento recebido: seq=2/2
[ClienteUDP] Progresso: 1/0
[TCP] Telemetria enviada: MensagemTCP{header=CabecalhoTCP{tipo=MSG_TELEMETRY, e=3, r=1, missao=-1, ts=1763755084005}, payload=Telemetria{(0.00,10.00), estado=ESTADO_DISPONIVEL, bateria=100.0%, vel=0.00m/s}}
[TCP] Telemetria enviada: MensagemTCP{header=CabecalhoTCP{tipo=MSG_TELEMETRY, e=3, r=1, missao=-1, ts=1763755089010}, payload=Telemetria{(0.00,10.00), estado=ESTADO_DISPONIVEL, bateria=100.0%, vel=0.00m/s}}
[TCP] Telemetria enviada: MensagemTCP{header=CabecalhoTCP{tipo=MSG_TELEMETRY, e=3, r=1, missao=-1, ts=1763755094016}, payload=Telemetria{(0.00,10.00), estado=ESTADO_DISPONIVEL, bateria=100.0%, vel=0.00m/s}}
[TCP] Telemetria enviada: MensagemTCP{header=CabecalhoTCP{tipo=MSG_TELEMETRY, e=3, r=1, missao=-1, ts=1763755099021}, payload=Telemetria{(0.00,10.00), estado=ESTADO_DISPONIVEL, bateria=100.0%, vel=0.00m/s}}
[ClienteUDP] HELLO recebido - Missão ID: 2
[ClienteUDP] Rover disponível - Aguardando fragmentos MISSION
[ClienteUDP] RESPONSE enviado (sucesso=true)
[ClienteUDP] Fragmento recebido: seq=2/2
[ClienteUDP] Progresso: 1/0
[TCP] Telemetria enviada: MensagemTCP{header=CabecalhoTCP{tipo=MSG_TELEMETRY, e=3, r=1, missao=-1, ts=1763755104027}, payload=Telemetria{(0.00,10.00), estado=ESTADO_DISPONIVEL, bateria=100.0%, vel=0.00m/s}}
[TCP] Telemetria enviada: MensagemTCP{header=CabecalhoTCP{tipo=MSG_TELEMETRY, e=3, r=1, missao=-1, ts=1763755109033}, payload=Telemetria{(0.00,10.00), estado=ESTADO_DISPONIVEL, bateria=100.0%, vel=0.00m/s}}
[TCP] Telemetria enviada: MensagemTCP{header=CabecalhoTCP{tipo=MSG_TELEMETRY, e=3, r=1, missao=-1, ts=1763755114039}, payload=Telemetria{(0.00,10.00), estado=ESTADO_DISPONIVEL, bateria=100.0%, vel=0.00m/s}}
[TCP] Telemetria enviada: MensagemTCP{header=CabecalhoTCP{tipo=MSG_TELEMETRY, e=3, r=1, missao=-1, ts=1763755119045}, payload=Telemetria{(0.00,10.00), estado=ESTADO_DISPONIVEL, bateria=100.0%, vel=0.00m/s}}
[ClienteUDP] HELLO recebido - Missão ID: 2
[ClienteUDP] Rover disponível - Aguardando fragmentos MISSION
[ClienteUDP] RESPONSE enviado (sucesso=true)
[ClienteUDP] Fragmento recebido: seq=2/2
[ClienteUDP] Progresso: 1/0
[TCP] Telemetria enviada: MensagemTCP{header=CabecalhoTCP{tipo=MSG_TELEMETRY, e=3, r=1, missao=-1, ts=1763755124050}, payload=Telemetria{(0.00,10.00), estado=ESTADO_DISPONIVEL, bateria=100.0%, vel=0.00m/s}}
[TCP] Telemetria enviada: MensagemTCP{header=CabecalhoTCP{tipo=MSG_TELEMETRY, e=3, r=1, missao=-1, ts=1763755129054}, payload=Telemetria{(0.00,10.00), estado=ESTADO_DISPONIVEL, bateria=100.0%, vel=0.00m/s}}
[TCP] Telemetria enviada: MensagemTCP{header=CabecalhoTCP{tipo=MSG_TELEMETRY, e=3, r=1, missao=-1, ts=1763755134059}, payload=Telemetria{(0.00,10.00), estado=ESTADO_DISPONIVEL, bateria=100.0%, vel=0.00m/s}}
[TCP] Telemetria enviada: MensagemTCP{header=CabecalhoTCP{tipo=MSG_TELEMETRY, e=3, r=1, missao=-1, ts=1763755139064}, payload=Telemetria{(0.00,10.00), estado=ESTADO_DISPONIVEL, bateria=100.0%, vel=0.00m/s}}
[ClienteUDP] HELLO recebido - Missão ID: 2
[ClienteUDP] Rover disponível - Aguardando fragmentos MISSION
[ClienteUDP] RESPONSE enviado (sucesso=true)
[ClienteUDP] Fragmento recebido: seq=2/2
[ClienteUDP] Progresso: 1/0
[TCP] Telemetria enviada: MensagemTCP{header=CabecalhoTCP{tipo=MSG_TELEMETRY, e=3, r=1, missao=-1, ts=1763755144070}, payload=Telemetria{(0.00,10.00), estado=ESTADO_DISPONIVEL, bateria=100.0%, vel=0.00m/s}}
[TCP] Telemetria enviada: MensagemTCP{header=CabecalhoTCP{tipo=MSG_TELEMETRY, e=3, r=1, missao=-1, ts=1763755149074}, payload=Telemetria{(0.00,10.00), estado=ESTADO_DISPONIVEL, bateria=100.0%, vel=0.00m/s}}
[TCP] Telemetria enviada: MensagemTCP{header=CabecalhoTCP{tipo=MSG_TELEMETRY, e=3, r=1, missao=-1, ts=1763755154079}, payload=Telemetria{(0.00,10.00), estado=ESTADO_DISPONIVEL, bateria=100.0%, vel=0.00m/s}}
[TCP] Telemetria enviada: MensagemTCP{header=CabecalhoTCP{tipo=MSG_TELEMETRY, e=3, r=1, missao=-1, ts=1763755159084}, payload=Telemetria{(0.00,10.00), estado=ESTADO_DISPONIVEL, bateria=100.0%, vel=0.00m/s}}
[ClienteUDP] HELLO recebido - Missão ID: 2
[ClienteUDP] Rover disponível - Aguardando fragmentos MISSION
[ClienteUDP] RESPONSE enviado (sucesso=true)
[ClienteUDP] Fragmento recebido: seq=2/2
[ClienteUDP] Progresso: 1/0
[TCP] Telemetria enviada: MensagemTCP{header=CabecalhoTCP{tipo=MSG_TELEMETRY, e=3, r=1, missao=-1, ts=1763755164089}, payload=Telemetria{(0.00,10.00), estado=ESTADO_DISPONIVEL, bateria=100.0%, vel=0.00m/s}}
[TCP] Telemetria enviada: MensagemTCP{header=CabecalhoTCP{tipo=MSG_TELEMETRY, e=3, r=1, missao=-1, ts=1763755169094}, payload=Telemetria{(0.00,10.00), estado=ESTADO_DISPONIVEL, bateria=100.0%, vel=0.00m/s}}
[TCP] Telemetria enviada: MensagemTCP{header=CabecalhoTCP{tipo=MSG_TELEMETRY, e=3, r=1, missao=-1, ts=1763755174099}, payload=Telemetria{(0.00,10.00), estado=ESTADO_DISPONIVEL, bateria=100.0%, vel=0.00m/s}}
[TCP] Telemetria enviada: MensagemTCP{header=CabecalhoTCP{tipo=MSG_TELEMETRY, e=3, r=1, missao=-1, ts=1763755179103}, payload=Telemetria{(0.00,10.00), estado=ESTADO_DISPONIVEL, bateria=100.0%, vel=0.00m/s}}
[ClienteUDP] HELLO recebido - Missão ID: 2
[ClienteUDP] Rover disponível - Aguardando fragmentos MISSION
[ClienteUDP] RESPONSE enviado (sucesso=true)
[ClienteUDP] Fragmento recebido: seq=2/2
[ClienteUDP] Progresso: 1/0
[TCP] Telemetria enviada: MensagemTCP{header=CabecalhoTCP{tipo=MSG_TELEMETRY, e=3, r=1, missao=-1, ts=1763755184108}, payload=Telemetria{(0.00,10.00), estado=ESTADO_DISPONIVEL, bateria=100.0%, vel=0.00m/s}}
[TCP] Telemetria enviada: MensagemTCP{header=CabecalhoTCP{tipo=MSG_TELEMETRY, e=3, r=1, missao=-1, ts=1763755189113}, payload=Telemetria{(0.00,10.00), estado=ESTADO_DISPONIVEL, bateria=100.0%, vel=0.00m/s}}
[TCP] Telemetria enviada: MensagemTCP{header=CabecalhoTCP{tipo=MSG_TELEMETRY, e=3, r=1, missao=-1, ts=1763755194119}, payload=Telemetria{(0.00,10.00), estado=ESTADO_DISPONIVEL, bateria=100.0%, vel=0.00m/s}}
[TCP] Telemetria enviada: MensagemTCP{header=CabecalhoTCP{tipo=MSG_TELEMETRY, e=3, r=1, missao=-1, ts=1763755199123}, payload=Telemetria{(0.00,10.00), estado=ESTADO_DISPONIVEL, bateria=100.0%, vel=0.00m/s}}
[ClienteUDP] HELLO recebido - Missão ID: 2
[ClienteUDP] Rover disponível - Aguardando fragmentos MISSION
[ClienteUDP] RESPONSE enviado (sucesso=true)
[ClienteUDP] Fragmento recebido: seq=2/2
[ClienteUDP] Progresso: 1/0
[TCP] Telemetria enviada: MensagemTCP{header=CabecalhoTCP{tipo=MSG_TELEMETRY, e=3, r=1, missao=-1, ts=1763755204127}, payload=Telemetria{(0.00,10.00), estado=ESTADO_DISPONIVEL, bateria=100.0%, vel=0.00m/s}}
[TCP] Telemetria enviada: MensagemTCP{header=CabecalhoTCP{tipo=MSG_TELEMETRY, e=3, r=1, missao=-1, ts=1763755209133}, payload=Telemetria{(0.00,10.00), estado=ESTADO_DISPONIVEL, bateria=100.0%, vel=0.00m/s}}
[TCP] Telemetria enviada: MensagemTCP{header=CabecalhoTCP{tipo=MSG_TELEMETRY, e=3, r=1, missao=-1, ts=1763755214137}, payload=Telemetria{(0.00,10.00), estado=ESTADO_DISPONIVEL, bateria=100.0%, vel=0.00m/s}}
[TCP] Telemetria enviada: MensagemTCP{header=CabecalhoTCP{tipo=MSG_TELEMETRY, e=3, r=1, missao=-1, ts=1763755219142}, payload=Telemetria{(0.00,10.00), estado=ESTADO_DISPONIVEL, bateria=100.0%, vel=0.00m/s}}
[ClienteUDP] HELLO recebido - Missão ID: 2
[ClienteUDP] Rover disponível - Aguardando fragmentos MISSION
[ClienteUDP] RESPONSE enviado (sucesso=true)
[ClienteUDP] Fragmento recebido: seq=2/2
[ClienteUDP] Progresso: 1/0
[TCP] Telemetria enviada: MensagemTCP{header=CabecalhoTCP{tipo=MSG_TELEMETRY, e=3, r=1, missao=-1, ts=1763755224147}, payload=Telemetria{(0.00,10.00), estado=ESTADO_DISPONIVEL, bateria=100.0%, vel=0.00m/s}}
[TCP] Telemetria enviada: MensagemTCP{header=CabecalhoTCP{tipo=MSG_TELEMETRY, e=3, r=1, missao=-1, ts=1763755229151}, payload=Telemetria{(0.00,10.00), estado=ESTADO_DISPONIVEL, bateria=100.0%, vel=0.00m/s}}
[TCP] Telemetria enviada: MensagemTCP{header=CabecalhoTCP{tipo=MSG_TELEMETRY, e=3, r=1, missao=-1, ts=1763755234155}, payload=Telemetria{(0.00,10.00), estado=ESTADO_DISPONIVEL, bateria=100.0%, vel=0.00m/s}}
[TCP] Telemetria enviada: MensagemTCP{header=CabecalhoTCP{tipo=MSG_TELEMETRY, e=3, r=1, missao=-1, ts=1763755239160}, payload=Telemetria{(0.00,10.00), estado=ESTADO_DISPONIVEL, bateria=100.0%, vel=0.00m/s}}
[ClienteUDP] HELLO recebido - Missão ID: 2
[ClienteUDP] Rover disponível - Aguardando fragmentos MISSION
[ClienteUDP] RESPONSE enviado (sucesso=true)
[ClienteUDP] Fragmento recebido: seq=2/2
[ClienteUDP] Progresso: 1/0
[TCP] Telemetria enviada: MensagemTCP{header=CabecalhoTCP{tipo=MSG_TELEMETRY, e=3, r=1, missao=-1, ts=1763755244164}, payload=Telemetria{(0.00,10.00), estado=ESTADO_DISPONIVEL, bateria=100.0%, vel=0.00m/s}}
[TCP] Telemetria enviada: MensagemTCP{header=CabecalhoTCP{tipo=MSG_TELEMETRY, e=3, r=1, missao=-1, ts=1763755249168}, payload=Telemetria{(0.00,10.00), estado=ESTADO_DISPONIVEL, bateria=100.0%, vel=0.00m/s}}
[TCP] Telemetria enviada: MensagemTCP{header=CabecalhoTCP{tipo=MSG_TELEMETRY, e=3, r=1, missao=-1, ts=1763755254172}, payload=Telemetria{(0.00,10.00), estado=ESTADO_DISPONIVEL, bateria=100.0%, vel=0.00m/s}}
[TCP] Telemetria enviada: MensagemTCP{header=CabecalhoTCP{tipo=MSG_TELEMETRY, e=3, r=1, missao=-1, ts=1763755259176}, payload=Telemetria{(0.00,10.00), estado=ESTADO_DISPONIVEL, bateria=100.0%, vel=0.00m/s}}
[ClienteUDP] HELLO recebido - Missão ID: 2
[ClienteUDP] Rover disponível - Aguardando fragmentos MISSION
[ClienteUDP] RESPONSE enviado (sucesso=true)
[ClienteUDP] Fragmento recebido: seq=2/2
[ClienteUDP] Progresso: 1/0
[TCP] Telemetria enviada: MensagemTCP{header=CabecalhoTCP{tipo=MSG_TELEMETRY, e=3, r=1, missao=-1, ts=1763755264180}, payload=Telemetria{(0.00,10.00), estado=ESTADO_DISPONIVEL, bateria=100.0%, vel=0.00m/s}}
[TCP] Telemetria enviada: MensagemTCP{header=CabecalhoTCP{tipo=MSG_TELEMETRY, e=3, r=1, missao=-1, ts=1763755269185}, payload=Telemetria{(0.00,10.00), estado=ESTADO_DISPONIVEL, bateria=100.0%, vel=0.00m/s}}
[TCP] Telemetria enviada: MensagemTCP{header=CabecalhoTCP{tipo=MSG_TELEMETRY, e=3, r=1, missao=-1, ts=1763755274189}, payload=Telemetria{(0.00,10.00), estado=ESTADO_DISPONIVEL, bateria=100.0%, vel=0.00m/s}}
[TCP] Telemetria enviada: MensagemTCP{header=CabecalhoTCP{tipo=MSG_TELEMETRY, e=3, r=1, missao=-1, ts=1763755279193}, payload=Telemetria{(0.00,10.00), estado=ESTADO_DISPONIVEL, bateria=100.0%, vel=0.00m/s}}
[ClienteUDP] HELLO recebido - Missão ID: 2
[ClienteUDP] Rover disponível - Aguardando fragmentos MISSION
[ClienteUDP] RESPONSE enviado (sucesso=true)
[ClienteUDP] Fragmento recebido: seq=2/2
[ClienteUDP] Progresso: 1/0
[TCP] Telemetria enviada: MensagemTCP{header=CabecalhoTCP{tipo=MSG_TELEMETRY, e=3, r=1, missao=-1, ts=1763755284198}, payload=Telemetria{(0.00,10.00), estado=ESTADO_DISPONIVEL, bateria=100.0%, vel=0.00m/s}}
[TCP] Telemetria enviada: MensagemTCP{header=CabecalhoTCP{tipo=MSG_TELEMETRY, e=3, r=1, missao=-1, ts=1763755289003}, payload=Telemetria{(0.00,10.00), estado=ESTADO_DISPONIVEL, bateria=100.0%, vel=0.00m/s}}
[TCP] Telemetria enviada: MensagemTCP{header=CabecalhoTCP{tipo=MSG_TELEMETRY, e=3, r=1, missao=-1, ts=1763755294007}, payload=Telemetria{(0.00,10.00), estado=ESTADO_DISPONIVEL, bateria=100.0%, vel=0.00m/s}}
[TCP] Telemetria enviada: MensagemTCP{header=CabecalhoTCP{tipo=MSG_TELEMETRY, e=3, r=1, missao=-1, ts=1763755299010}, payload=Telemetria{(0.00,10.00), estado=ESTADO_DISPONIVEL, bateria=100.0%, vel=0.00m/s}}
[ClienteUDP] HELLO recebido - Missão ID: 2
[ClienteUDP] Rover disponível - Aguardando fragmentos MISSION
[ClienteUDP] RESPONSE enviado (sucesso=true)
[ClienteUDP] Fragmento recebido: seq=2/2
[ClienteUDP] Progresso: 1/0
[TCP] Telemetria enviada: MensagemTCP{header=CabecalhoTCP{tipo=MSG_TELEMETRY, e=3, r=1, missao=-1, ts=1763755304014}, payload=Telemetria{(0.00,10.00), estado=ESTADO_DISPONIVEL, bateria=100.0%, vel=0.00m/s}}
[TCP] Telemetria enviada: MensagemTCP{header=CabecalhoTCP{tipo=MSG_TELEMETRY, e=3, r=1, missao=-1, ts=1763755309019}, payload=Telemetria{(0.00,10.00), estado=ESTADO_DISPONIVEL, bateria=100.0%, vel=0.00m/s}}
[TCP] Telemetria enviada: MensagemTCP{header=CabecalhoTCP{tipo=MSG_TELEMETRY, e=3, r=1, missao=-1, ts=1763755314023}, payload=Telemetria{(0.00,10.00), estado=ESTADO_DISPONIVEL, bateria=100.0%, vel=0.00m/s}}
[TCP] Telemetria enviada: MensagemTCP{header=CabecalhoTCP{tipo=MSG_TELEMETRY, e=3, r=1, missao=-1, ts=1763755319027}, payload=Telemetria{(0.00,10.00), estado=ESTADO_DISPONIVEL, bateria=100.0%, vel=0.00m/s}}
[ClienteUDP] HELLO recebido - Missão ID: 2
[ClienteUDP] Rover disponível - Aguardando fragmentos MISSION
[ClienteUDP] RESPONSE enviado (sucesso=true)
[ClienteUDP] Fragmento recebido: seq=2/2
[ClienteUDP] Progresso: 1/0
[TCP] Telemetria enviada: MensagemTCP{header=CabecalhoTCP{tipo=MSG_TELEMETRY, e=3, r=1, missao=-1, ts=1763755324031}, payload=Telemetria{(0.00,10.00), estado=ESTADO_DISPONIVEL, bateria=100.0%, vel=0.00m/s}}
[TCP] Telemetria enviada: MensagemTCP{header=CabecalhoTCP{tipo=MSG_TELEMETRY, e=3, r=1, missao=-1, ts=1763755329036}, payload=Telemetria{(0.00,10.00), estado=ESTADO_DISPONIVEL, bateria=100.0%, vel=0.00m/s}}
[TCP] Telemetria enviada: MensagemTCP{header=CabecalhoTCP{tipo=MSG_TELEMETRY, e=3, r=1, missao=-1, ts=1763755334041}, payload=Telemetria{(0.00,10.00), estado=ESTADO_DISPONIVEL, bateria=100.0%, vel=0.00m/s}}
[TCP] Telemetria enviada: MensagemTCP{header=CabecalhoTCP{tipo=MSG_TELEMETRY, e=3, r=1, missao=-1, ts=1763755339044}, payload=Telemetria{(0.00,10.00), estado=ESTADO_DISPONIVEL, bateria=100.0%, vel=0.00m/s}}
[ClienteUDP] HELLO recebido - Missão ID: 2
[ClienteUDP] Rover disponível - Aguardando fragmentos MISSION
[ClienteUDP] RESPONSE enviado (sucesso=true)
[ClienteUDP] Fragmento recebido: seq=2/2
[ClienteUDP] Progresso: 1/0
[TCP] Telemetria enviada: MensagemTCP{header=CabecalhoTCP{tipo=MSG_TELEMETRY, e=3, r=1, missao=-1, ts=1763755344049}, payload=Telemetria{(0.00,10.00), estado=ESTADO_DISPONIVEL, bateria=100.0%, vel=0.00m/s}}
[TCP] Telemetria enviada: MensagemTCP{header=CabecalhoTCP{tipo=MSG_TELEMETRY, e=3, r=1, missao=-1, ts=1763755349053}, payload=Telemetria{(0.00,10.00), estado=ESTADO_DISPONIVEL, bateria=100.0%, vel=0.00m/s}}
[TCP] Telemetria enviada: MensagemTCP{header=CabecalhoTCP{tipo=MSG_TELEMETRY, e=3, r=1, missao=-1, ts=1763755354058}, payload=Telemetria{(0.00,10.00), estado=ESTADO_DISPONIVEL, bateria=100.0%, vel=0.00m/s}}
[TCP] Telemetria enviada: MensagemTCP{header=CabecalhoTCP{tipo=MSG_TELEMETRY, e=3, r=1, missao=-1, ts=1763755359063}, payload=Telemetria{(0.00,10.00), estado=ESTADO_DISPONIVEL, bateria=100.0%, vel=0.00m/s}}
[ClienteUDP] HELLO recebido - Missão ID: 2
[ClienteUDP] Rover disponível - Aguardando fragmentos MISSION
[ClienteUDP] RESPONSE enviado (sucesso=true)
[ClienteUDP] Fragmento recebido: seq=2/2
[ClienteUDP] Progresso: 1/0
[TCP] Telemetria enviada: MensagemTCP{header=CabecalhoTCP{tipo=MSG_TELEMETRY, e=3, r=1, missao=-1, ts=1763755364067}, payload=Telemetria{(0.00,10.00), estado=ESTADO_DISPONIVEL, bateria=100.0%, vel=0.00m/s}}
[TCP] Telemetria enviada: MensagemTCP{header=CabecalhoTCP{tipo=MSG_TELEMETRY, e=3, r=1, missao=-1, ts=1763755369071}, payload=Telemetria{(0.00,10.00), estado=ESTADO_DISPONIVEL, bateria=100.0%, vel=0.00m/s}}
[TCP] Telemetria enviada: MensagemTCP{header=CabecalhoTCP{tipo=MSG_TELEMETRY, e=3, r=1, missao=-1, ts=1763755374075}, payload=Telemetria{(0.00,10.00), estado=ESTADO_DISPONIVEL, bateria=100.0%, vel=0.00m/s}}
[TCP] Telemetria enviada: MensagemTCP{header=CabecalhoTCP{tipo=MSG_TELEMETRY, e=3, r=1, missao=-1, ts=1763755379079}, payload=Telemetria{(0.00,10.00), estado=ESTADO_DISPONIVEL, bateria=100.0%, vel=0.00m/s}}
[ClienteUDP] HELLO recebido - Missão ID: 2
[ClienteUDP] Rover disponível - Aguardando fragmentos MISSION
[ClienteUDP] RESPONSE enviado (sucesso=true)
[ClienteUDP] Fragmento recebido: seq=2/2
[ClienteUDP] Progresso: 1/0
[TCP] Telemetria enviada: MensagemTCP{header=CabecalhoTCP{tipo=MSG_TELEMETRY, e=3, r=1, missao=-1, ts=1763755384083}, payload=Telemetria{(0.00,10.00), estado=ESTADO_DISPONIVEL, bateria=100.0%, vel=0.00m/s}}
[TCP] Telemetria enviada: MensagemTCP{header=CabecalhoTCP{tipo=MSG_TELEMETRY, e=3, r=1, missao=-1, ts=1763755389087}, payload=Telemetria{(0.00,10.00), estado=ESTADO_DISPONIVEL, bateria=100.0%, vel=0.00m/s}}
[TCP] Telemetria enviada: MensagemTCP{header=CabecalhoTCP{tipo=MSG_TELEMETRY, e=3, r=1, missao=-1, ts=1763755394093}, payload=Telemetria{(0.00,10.00), estado=ESTADO_DISPONIVEL, bateria=100.0%, vel=0.00m/s}}
[TCP] Telemetria enviada: MensagemTCP{header=CabecalhoTCP{tipo=MSG_TELEMETRY, e=3, r=1, missao=-1, ts=1763755399097}, payload=Telemetria{(0.00,10.00), estado=ESTADO_DISPONIVEL, bateria=100.0%, vel=0.00m/s}}
[ClienteUDP] HELLO recebido - Missão ID: 2
[ClienteUDP] Rover disponível - Aguardando fragmentos MISSION
[ClienteUDP] RESPONSE enviado (sucesso=true)
[ClienteUDP] Fragmento recebido: seq=2/2
[ClienteUDP] Progresso: 1/0
[TCP] Telemetria enviada: MensagemTCP{header=CabecalhoTCP{tipo=MSG_TELEMETRY, e=3, r=1, missao=-1, ts=1763755404100}, payload=Telemetria{(0.00,10.00), estado=ESTADO_DISPONIVEL, bateria=100.0%, vel=0.00m/s}}
[TCP] Telemetria enviada: MensagemTCP{header=CabecalhoTCP{tipo=MSG_TELEMETRY, e=3, r=1, missao=-1, ts=1763755409104}, payload=Telemetria{(0.00,10.00), estado=ESTADO_DISPONIVEL, bateria=100.0%, vel=0.00m/s}}
[TCP] Telemetria enviada: MensagemTCP{header=CabecalhoTCP{tipo=MSG_TELEMETRY, e=3, r=1, missao=-1, ts=1763755414108}, payload=Telemetria{(0.00,10.00), estado=ESTADO_DISPONIVEL, bateria=100.0%, vel=0.00m/s}}
[TCP] Telemetria enviada: MensagemTCP{header=CabecalhoTCP{tipo=MSG_TELEMETRY, e=3, r=1, missao=-1, ts=1763755419112}, payload=Telemetria{(0.00,10.00), estado=ESTADO_DISPONIVEL, bateria=100.0%, vel=0.00m/s}}
[ClienteUDP] HELLO recebido - Missão ID: 2
[ClienteUDP] Rover disponível - Aguardando fragmentos MISSION
[ClienteUDP] RESPONSE enviado (sucesso=true)
[ClienteUDP] Fragmento recebido: seq=2/2
[ClienteUDP] Progresso: 1/0
[TCP] Telemetria enviada: MensagemTCP{header=CabecalhoTCP{tipo=MSG_TELEMETRY, e=3, r=1, missao=-1, ts=1763755424115}, payload=Telemetria{(0.00,10.00), estado=ESTADO_DISPONIVEL, bateria=100.0%, vel=0.00m/s}}
[TCP] Telemetria enviada: MensagemTCP{header=CabecalhoTCP{tipo=MSG_TELEMETRY, e=3, r=1, missao=-1, ts=1763755429119}, payload=Telemetria{(0.00,10.00), estado=ESTADO_DISPONIVEL, bateria=100.0%, vel=0.00m/s}}
[TCP] Telemetria enviada: MensagemTCP{header=CabecalhoTCP{tipo=MSG_TELEMETRY, e=3, r=1, missao=-1, ts=1763755434123}, payload=Telemetria{(0.00,10.00), estado=ESTADO_DISPONIVEL, bateria=100.0%, vel=0.00m/s}}
[TCP] Telemetria enviada: MensagemTCP{header=CabecalhoTCP{tipo=MSG_TELEMETRY, e=3, r=1, missao=-1, ts=1763755439127}, payload=Telemetria{(0.00,10.00), estado=ESTADO_DISPONIVEL, bateria=100.0%, vel=0.00m/s}}
[ClienteUDP] HELLO recebido - Missão ID: 2
[ClienteUDP] Rover disponível - Aguardando fragmentos MISSION
[ClienteUDP] RESPONSE enviado (sucesso=true)
[ClienteUDP] Fragmento recebido: seq=2/2
[ClienteUDP] Progresso: 1/0
[TCP] Telemetria enviada: MensagemTCP{header=CabecalhoTCP{tipo=MSG_TELEMETRY, e=3, r=1, missao=-1, ts=1763755444131}, payload=Telemetria{(0.00,10.00), estado=ESTADO_DISPONIVEL, bateria=100.0%, vel=0.00m/s}}
[TCP] Telemetria enviada: MensagemTCP{header=CabecalhoTCP{tipo=MSG_TELEMETRY, e=3, r=1, missao=-1, ts=1763755449134}, payload=Telemetria{(0.00,10.00), estado=ESTADO_DISPONIVEL, bateria=100.0%, vel=0.00m/s}}
[TCP] Telemetria enviada: MensagemTCP{header=CabecalhoTCP{tipo=MSG_TELEMETRY, e=3, r=1, missao=-1, ts=1763755454138}, payload=Telemetria{(0.00,10.00), estado=ESTADO_DISPONIVEL, bateria=100.0%, vel=0.00m/s}}
[TCP] Telemetria enviada: MensagemTCP{header=CabecalhoTCP{tipo=MSG_TELEMETRY, e=3, r=1, missao=-1, ts=1763755459142}, payload=Telemetria{(0.00,10.00), estado=ESTADO_DISPONIVEL, bateria=100.0%, vel=0.00m/s}}
[ClienteUDP] HELLO recebido - Missão ID: 2
[ClienteUDP] Rover disponível - Aguardando fragmentos MISSION
[ClienteUDP] RESPONSE enviado (sucesso=true)
[ClienteUDP] Fragmento recebido: seq=2/2
[ClienteUDP] Progresso: 1/0
[TCP] Telemetria enviada: MensagemTCP{header=CabecalhoTCP{tipo=MSG_TELEMETRY, e=3, r=1, missao=-1, ts=1763755464146}, payload=Telemetria{(0.00,10.00), estado=ESTADO_DISPONIVEL, bateria=100.0%, vel=0.00m/s}}
[TCP] Telemetria enviada: MensagemTCP{header=CabecalhoTCP{tipo=MSG_TELEMETRY, e=3, r=1, missao=-1, ts=1763755469151}, payload=Telemetria{(0.00,10.00), estado=ESTADO_DISPONIVEL, bateria=100.0%, vel=0.00m/s}}
[TCP] Telemetria enviada: MensagemTCP{header=CabecalhoTCP{tipo=MSG_TELEMETRY, e=3, r=1, missao=-1, ts=1763755474154}, payload=Telemetria{(0.00,10.00), estado=ESTADO_DISPONIVEL, bateria=100.0%, vel=0.00m/s}}
[TCP] Telemetria enviada: MensagemTCP{header=CabecalhoTCP{tipo=MSG_TELEMETRY, e=3, r=1, missao=-1, ts=1763755479159}, payload=Telemetria{(0.00,10.00), estado=ESTADO_DISPONIVEL, bateria=100.0%, vel=0.00m/s}}
[ClienteUDP] HELLO recebido - Missão ID: 2
[ClienteUDP] Rover disponível - Aguardando fragmentos MISSION
[ClienteUDP] RESPONSE enviado (sucesso=true)
[ClienteUDP] Fragmento recebido: seq=2/2
[ClienteUDP] Progresso: 1/0
[TCP] Telemetria enviada: MensagemTCP{header=CabecalhoTCP{tipo=MSG_TELEMETRY, e=3, r=1, missao=-1, ts=1763755484163}, payload=Telemetria{(0.00,10.00), estado=ESTADO_DISPONIVEL, bateria=100.0%, vel=0.00m/s}}
[TCP] Telemetria enviada: MensagemTCP{header=CabecalhoTCP{tipo=MSG_TELEMETRY, e=3, r=1, missao=-1, ts=1763755489166}, payload=Telemetria{(0.00,10.00), estado=ESTADO_DISPONIVEL, bateria=100.0%, vel=0.00m/s}}
[TCP] Telemetria enviada: MensagemTCP{header=CabecalhoTCP{tipo=MSG_TELEMETRY, e=3, r=1, missao=-1, ts=1763755494171}, payload=Telemetria{(0.00,10.00), estado=ESTADO_DISPONIVEL, bateria=100.0%, vel=0.00m/s}}
[TCP] Telemetria enviada: MensagemTCP{header=CabecalhoTCP{tipo=MSG_TELEMETRY, e=3, r=1, missao=-1, ts=1763755499174}, payload=Telemetria{(0.00,10.00), estado=ESTADO_DISPONIVEL, bateria=100.0%, vel=0.00m/s}}
[ClienteUDP] HELLO recebido - Missão ID: 2
[ClienteUDP] Rover disponível - Aguardando fragmentos MISSION
[ClienteUDP] RESPONSE enviado (sucesso=true)
[ClienteUDP] Fragmento recebido: seq=2/2
[ClienteUDP] Progresso: 1/0
[TCP] Telemetria enviada: MensagemTCP{header=CabecalhoTCP{tipo=MSG_TELEMETRY, e=3, r=1, missao=-1, ts=1763755504177}, payload=Telemetria{(0.00,10.00), estado=ESTADO_DISPONIVEL, bateria=100.0%, vel=0.00m/s}}
