make[1]: Entering directory '/workspaces/CC'
gradle runRoverApp --args="2 10.0 0.0 5002"

Welcome to Gradle 9.2.1!

Here are the highlights of this release:
 - Windows ARM support
 - Improved publishing APIs
 - Better guidance for dependency verification failures

For more details see https://docs.gradle.org/9.2.1/release-notes.html

Starting a Gradle Daemon, 2 incompatible Daemons could not be reused, use --status for details
> Task :compileJava
> Task :processResources NO-SOURCE
> Task :classes

> Task :runRoverApp
=== Rover - Sistema de Exploração ===
Rover ID: 2 | Posição: (10.00, 0.00) | Porta: 5002
Rover iniciado. Pressione CTRL+C para parar.
[ClienteUDP] Rover 2 iniciado na porta 9012
[TCP] Conexão TCP estabelecida para telemetria -> 127.0.0.1:5001
[TCP] Telemetria enviada: MensagemTCP{header=CabecalhoTCP{tipo=MSG_TELEMETRY, e=2, r=1, missao=-1, ts=1763755045212}, payload=Telemetria{(10.00,0.00), estado=ESTADO_DISPONIVEL, bateria=100.0%, vel=0.00m/s}}
[ClienteUDP] HELLO recebido - Missão ID: 1
[ClienteUDP] Rover disponível - Aguardando fragmentos MISSION
[ClienteUDP] RESPONSE enviado (sucesso=true)
[ClienteUDP] Total de fragmentos atualizado: 3
[ClienteUDP] Fragmento recebido: seq=2/4
[ClienteUDP] Progresso: 1/3
[ClienteUDP] Fragmento recebido: seq=3/4
[ClienteUDP] Progresso: 2/3
[ClienteUDP] Fragmento recebido: seq=4/4
[ClienteUDP] Progresso: 3/3
[ClienteUDP] Missão reconstruída: Missao{id=1, area=(0.00,0.00)-(0.00,0.00), tarefa=Explorar cratera A xxxxxxxxxxxxxxxxxxxxxxxxxxxxxxxxxxxxxxxxxxxxxxxxxxxxxxxxxxxxxxxxxxxxxxxxxxxxxxxxxxxxxxxxxxxxxxxxxxxxxxxxxxxxxxxxxxxxxxxxxxxxxxxxxxxxxxxxxxxxxxxxxxxxxxxxxxxxxxxxxxxxxxxxxxxxxxxxxxxxxxxxxxxxxxxxxxxxxxxxxxxxxxxxxxxxxxxxxxxxxxxxxxxxxxxxxxxxxxxxxxxxxxxxxxxxxxxxxxxxxxxxxxxxxxxxxxxxxxxxxxxxxxxxxxxxxxxxxxxxxxxxxxxxxxxxxxxxxxxxxxxxxxxxxxxxxxxxxxxxxxxxxxxxxxxxxxxxxxxxxxxxxxxxxxxxxxxxxxxxxxxxxxxxxxxxxxxxxxxxxxxxxxxxxxxxxxxxxxxxxxxxxxxxxxxxxxxxxxxxxxxxxxxxxxxxxxxxxxxxxxxxxxxxxxxxxxxxxxxxxxxxxxxxxxxxxxxxxxxx, dur=0s, int=0s, prio=0}
[MaquinaEstados] Rover 2 recebeu missão: Missao{id=1, area=(0.00,0.00)-(0.00,0.00), tarefa=Explorar cratera A xxxxxxxxxxxxxxxxxxxxxxxxxxxxxxxxxxxxxxxxxxxxxxxxxxxxxxxxxxxxxxxxxxxxxxxxxxxxxxxxxxxxxxxxxxxxxxxxxxxxxxxxxxxxxxxxxxxxxxxxxxxxxxxxxxxxxxxxxxxxxxxxxxxxxxxxxxxxxxxxxxxxxxxxxxxxxxxxxxxxxxxxxxxxxxxxxxxxxxxxxxxxxxxxxxxxxxxxxxxxxxxxxxxxxxxxxxxxxxxxxxxxxxxxxxxxxxxxxxxxxxxxxxxxxxxxxxxxxxxxxxxxxxxxxxxxxxxxxxxxxxxxxxxxxxxxxxxxxxxxxxxxxxxxxxxxxxxxxxxxxxxxxxxxxxxxxxxxxxxxxxxxxxxxxxxxxxxxxxxxxxxxxxxxxxxxxxxxxxxxxxxxxxxxxxxxxxxxxxxxxxxxxxxxxxxxxxxxxxxxxxxxxxxxxxxxxxxxxxxxxxxxxxxxxxxxxxxxxxxxxxxxxxxxxxxxxxxxxxxx, dur=0s, int=0s, prio=0}
[ClienteUDP] Missão recebida com sucesso!
[ClienteUDP] ACK enviado (faltam 0 fragmentos)
[ClienteUDP] PROGRESS enviado (seq=1, progresso=0.00%%)
[TCP] Telemetria enviada: MensagemTCP{header=CabecalhoTCP{tipo=MSG_TELEMETRY, e=2, r=1, missao=1, ts=1763755046694}, payload=Telemetria{(10.00,0.00), estado=ESTADO_EM_MISSAO, bateria=100.0%, vel=0.00m/s}}
[TCP] Telemetria enviada: MensagemTCP{header=CabecalhoTCP{tipo=MSG_TELEMETRY, e=2, r=1, missao=1, ts=1763755051100}, payload=Telemetria{(10.00,0.00), estado=ESTADO_EM_MISSAO, bateria=100.0%, vel=0.00m/s}}
[TCP] Telemetria enviada: MensagemTCP{header=CabecalhoTCP{tipo=MSG_TELEMETRY, e=2, r=1, missao=1, ts=1763755056106}, payload=Telemetria{(10.00,0.00), estado=ESTADO_EM_MISSAO, bateria=100.0%, vel=0.00m/s}}
[ClienteUDP] Timeout aguardando ACK - Retransmitindo PROGRESS (tentativa 1)
[ClienteUDP] PROGRESS enviado (seq=1, progresso=0.00%%)
[TCP] Telemetria enviada: MensagemTCP{header=CabecalhoTCP{tipo=MSG_TELEMETRY, e=2, r=1, missao=1, ts=1763755061113}, payload=Telemetria{(10.00,0.00), estado=ESTADO_EM_MISSAO, bateria=100.0%, vel=0.00m/s}}
[TCP] Telemetria enviada: MensagemTCP{header=CabecalhoTCP{tipo=MSG_TELEMETRY, e=2, r=1, missao=1, ts=1763755066120}, payload=Telemetria{(10.00,0.00), estado=ESTADO_EM_MISSAO, bateria=100.0%, vel=0.00m/s}}
[ClienteUDP] Timeout aguardando ACK - Retransmitindo PROGRESS (tentativa 2)
[ClienteUDP] PROGRESS enviado (seq=1, progresso=0.00%%)
[TCP] Telemetria enviada: MensagemTCP{header=CabecalhoTCP{tipo=MSG_TELEMETRY, e=2, r=1, missao=1, ts=1763755071126}, payload=Telemetria{(10.00,0.00), estado=ESTADO_EM_MISSAO, bateria=100.0%, vel=0.00m/s}}
[TCP] Telemetria enviada: MensagemTCP{header=CabecalhoTCP{tipo=MSG_TELEMETRY, e=2, r=1, missao=1, ts=1763755076131}, payload=Telemetria{(10.00,0.00), estado=ESTADO_EM_MISSAO, bateria=100.0%, vel=0.00m/s}}
[ClienteUDP] Timeout aguardando ACK - Retransmitindo PROGRESS (tentativa 3)
[ClienteUDP] PROGRESS enviado (seq=2, progresso=0.00%%)
[TCP] Telemetria enviada: MensagemTCP{header=CabecalhoTCP{tipo=MSG_TELEMETRY, e=2, r=1, missao=1, ts=1763755081137}, payload=Telemetria{(10.00,0.00), estado=ESTADO_EM_MISSAO, bateria=100.0%, vel=0.00m/s}}
[TCP] Telemetria enviada: MensagemTCP{header=CabecalhoTCP{tipo=MSG_TELEMETRY, e=2, r=1, missao=1, ts=1763755086142}, payload=Telemetria{(10.00,0.00), estado=ESTADO_EM_MISSAO, bateria=100.0%, vel=0.00m/s}}
[ClienteUDP] Timeout aguardando ACK - Retransmitindo PROGRESS (tentativa 1)
[ClienteUDP] PROGRESS enviado (seq=2, progresso=0.00%%)
[TCP] Telemetria enviada: MensagemTCP{header=CabecalhoTCP{tipo=MSG_TELEMETRY, e=2, r=1, missao=1, ts=1763755091147}, payload=Telemetria{(10.00,0.00), estado=ESTADO_EM_MISSAO, bateria=100.0%, vel=0.00m/s}}
[TCP] Telemetria enviada: MensagemTCP{header=CabecalhoTCP{tipo=MSG_TELEMETRY, e=2, r=1, missao=1, ts=1763755096152}, payload=Telemetria{(10.00,0.00), estado=ESTADO_EM_MISSAO, bateria=100.0%, vel=0.00m/s}}
[ClienteUDP] Timeout aguardando ACK - Retransmitindo PROGRESS (tentativa 2)
[ClienteUDP] PROGRESS enviado (seq=2, progresso=0.00%%)
[TCP] Telemetria enviada: MensagemTCP{header=CabecalhoTCP{tipo=MSG_TELEMETRY, e=2, r=1, missao=1, ts=1763755101158}, payload=Telemetria{(10.00,0.00), estado=ESTADO_EM_MISSAO, bateria=100.0%, vel=0.00m/s}}
[TCP] Telemetria enviada: MensagemTCP{header=CabecalhoTCP{tipo=MSG_TELEMETRY, e=2, r=1, missao=1, ts=1763755106164}, payload=Telemetria{(10.00,0.00), estado=ESTADO_EM_MISSAO, bateria=100.0%, vel=0.00m/s}}
[ClienteUDP] Timeout aguardando ACK - Retransmitindo PROGRESS (tentativa 3)
[ClienteUDP] PROGRESS enviado (seq=3, progresso=0.00%%)
[TCP] Telemetria enviada: MensagemTCP{header=CabecalhoTCP{tipo=MSG_TELEMETRY, e=2, r=1, missao=1, ts=1763755111169}, payload=Telemetria{(10.00,0.00), estado=ESTADO_EM_MISSAO, bateria=100.0%, vel=0.00m/s}}
[TCP] Telemetria enviada: MensagemTCP{header=CabecalhoTCP{tipo=MSG_TELEMETRY, e=2, r=1, missao=1, ts=1763755116175}, payload=Telemetria{(10.00,0.00), estado=ESTADO_EM_MISSAO, bateria=100.0%, vel=0.00m/s}}
[ClienteUDP] Timeout aguardando ACK - Retransmitindo PROGRESS (tentativa 1)
[ClienteUDP] PROGRESS enviado (seq=3, progresso=0.00%%)
[TCP] Telemetria enviada: MensagemTCP{header=CabecalhoTCP{tipo=MSG_TELEMETRY, e=2, r=1, missao=1, ts=1763755121180}, payload=Telemetria{(10.00,0.00), estado=ESTADO_EM_MISSAO, bateria=100.0%, vel=0.00m/s}}
[TCP] Telemetria enviada: MensagemTCP{header=CabecalhoTCP{tipo=MSG_TELEMETRY, e=2, r=1, missao=1, ts=1763755126186}, payload=Telemetria{(10.00,0.00), estado=ESTADO_EM_MISSAO, bateria=100.0%, vel=0.00m/s}}
[ClienteUDP] Timeout aguardando ACK - Retransmitindo PROGRESS (tentativa 2)
[ClienteUDP] PROGRESS enviado (seq=3, progresso=0.00%%)
[TCP] Telemetria enviada: MensagemTCP{header=CabecalhoTCP{tipo=MSG_TELEMETRY, e=2, r=1, missao=1, ts=1763755131192}, payload=Telemetria{(10.00,0.00), estado=ESTADO_EM_MISSAO, bateria=100.0%, vel=0.00m/s}}
[TCP] Telemetria enviada: MensagemTCP{header=CabecalhoTCP{tipo=MSG_TELEMETRY, e=2, r=1, missao=1, ts=1763755136197}, payload=Telemetria{(10.00,0.00), estado=ESTADO_EM_MISSAO, bateria=100.0%, vel=0.00m/s}}
[ClienteUDP] Timeout aguardando ACK - Retransmitindo PROGRESS (tentativa 3)
[ClienteUDP] PROGRESS enviado (seq=4, progresso=0.00%%)
[TCP] Telemetria enviada: MensagemTCP{header=CabecalhoTCP{tipo=MSG_TELEMETRY, e=2, r=1, missao=1, ts=1763755141002}, payload=Telemetria{(10.00,0.00), estado=ESTADO_EM_MISSAO, bateria=100.0%, vel=0.00m/s}}
[TCP] Telemetria enviada: MensagemTCP{header=CabecalhoTCP{tipo=MSG_TELEMETRY, e=2, r=1, missao=1, ts=1763755146007}, payload=Telemetria{(10.00,0.00), estado=ESTADO_EM_MISSAO, bateria=100.0%, vel=0.00m/s}}
[ClienteUDP] Timeout aguardando ACK - Retransmitindo PROGRESS (tentativa 1)
[ClienteUDP] PROGRESS enviado (seq=4, progresso=0.00%%)
[TCP] Telemetria enviada: MensagemTCP{header=CabecalhoTCP{tipo=MSG_TELEMETRY, e=2, r=1, missao=1, ts=1763755151012}, payload=Telemetria{(10.00,0.00), estado=ESTADO_EM_MISSAO, bateria=100.0%, vel=0.00m/s}}
[TCP] Telemetria enviada: MensagemTCP{header=CabecalhoTCP{tipo=MSG_TELEMETRY, e=2, r=1, missao=1, ts=1763755156017}, payload=Telemetria{(10.00,0.00), estado=ESTADO_EM_MISSAO, bateria=100.0%, vel=0.00m/s}}
[ClienteUDP] Timeout aguardando ACK - Retransmitindo PROGRESS (tentativa 2)
[ClienteUDP] PROGRESS enviado (seq=4, progresso=0.00%%)
[TCP] Telemetria enviada: MensagemTCP{header=CabecalhoTCP{tipo=MSG_TELEMETRY, e=2, r=1, missao=1, ts=1763755161022}, payload=Telemetria{(10.00,0.00), estado=ESTADO_EM_MISSAO, bateria=100.0%, vel=0.00m/s}}
[TCP] Telemetria enviada: MensagemTCP{header=CabecalhoTCP{tipo=MSG_TELEMETRY, e=2, r=1, missao=1, ts=1763755166027}, payload=Telemetria{(10.00,0.00), estado=ESTADO_EM_MISSAO, bateria=100.0%, vel=0.00m/s}}
[ClienteUDP] Timeout aguardando ACK - Retransmitindo PROGRESS (tentativa 3)
[ClienteUDP] PROGRESS enviado (seq=5, progresso=0.00%%)
[TCP] Telemetria enviada: MensagemTCP{header=CabecalhoTCP{tipo=MSG_TELEMETRY, e=2, r=1, missao=1, ts=1763755171032}, payload=Telemetria{(10.00,0.00), estado=ESTADO_EM_MISSAO, bateria=100.0%, vel=0.00m/s}}
[TCP] Telemetria enviada: MensagemTCP{header=CabecalhoTCP{tipo=MSG_TELEMETRY, e=2, r=1, missao=1, ts=1763755176037}, payload=Telemetria{(10.00,0.00), estado=ESTADO_EM_MISSAO, bateria=100.0%, vel=0.00m/s}}
[ClienteUDP] Timeout aguardando ACK - Retransmitindo PROGRESS (tentativa 1)
[ClienteUDP] PROGRESS enviado (seq=5, progresso=0.00%%)
[TCP] Telemetria enviada: MensagemTCP{header=CabecalhoTCP{tipo=MSG_TELEMETRY, e=2, r=1, missao=1, ts=1763755181042}, payload=Telemetria{(10.00,0.00), estado=ESTADO_EM_MISSAO, bateria=100.0%, vel=0.00m/s}}
[TCP] Telemetria enviada: MensagemTCP{header=CabecalhoTCP{tipo=MSG_TELEMETRY, e=2, r=1, missao=1, ts=1763755186047}, payload=Telemetria{(10.00,0.00), estado=ESTADO_EM_MISSAO, bateria=100.0%, vel=0.00m/s}}
[ClienteUDP] Timeout aguardando ACK - Retransmitindo PROGRESS (tentativa 2)
[ClienteUDP] PROGRESS enviado (seq=5, progresso=0.00%%)
[TCP] Telemetria enviada: MensagemTCP{header=CabecalhoTCP{tipo=MSG_TELEMETRY, e=2, r=1, missao=1, ts=1763755191053}, payload=Telemetria{(10.00,0.00), estado=ESTADO_EM_MISSAO, bateria=100.0%, vel=0.00m/s}}
[TCP] Telemetria enviada: MensagemTCP{header=CabecalhoTCP{tipo=MSG_TELEMETRY, e=2, r=1, missao=1, ts=1763755196057}, payload=Telemetria{(10.00,0.00), estado=ESTADO_EM_MISSAO, bateria=100.0%, vel=0.00m/s}}
[ClienteUDP] Timeout aguardando ACK - Retransmitindo PROGRESS (tentativa 3)
[ClienteUDP] PROGRESS enviado (seq=6, progresso=0.00%%)
[TCP] Telemetria enviada: MensagemTCP{header=CabecalhoTCP{tipo=MSG_TELEMETRY, e=2, r=1, missao=1, ts=1763755201062}, payload=Telemetria{(10.00,0.00), estado=ESTADO_EM_MISSAO, bateria=100.0%, vel=0.00m/s}}
[TCP] Telemetria enviada: MensagemTCP{header=CabecalhoTCP{tipo=MSG_TELEMETRY, e=2, r=1, missao=1, ts=1763755206066}, payload=Telemetria{(10.00,0.00), estado=ESTADO_EM_MISSAO, bateria=100.0%, vel=0.00m/s}}
[ClienteUDP] Timeout aguardando ACK - Retransmitindo PROGRESS (tentativa 1)
[ClienteUDP] PROGRESS enviado (seq=6, progresso=0.00%%)
[TCP] Telemetria enviada: MensagemTCP{header=CabecalhoTCP{tipo=MSG_TELEMETRY, e=2, r=1, missao=1, ts=1763755211071}, payload=Telemetria{(10.00,0.00), estado=ESTADO_EM_MISSAO, bateria=100.0%, vel=0.00m/s}}
[TCP] Telemetria enviada: MensagemTCP{header=CabecalhoTCP{tipo=MSG_TELEMETRY, e=2, r=1, missao=1, ts=1763755216075}, payload=Telemetria{(10.00,0.00), estado=ESTADO_EM_MISSAO, bateria=100.0%, vel=0.00m/s}}
[ClienteUDP] Timeout aguardando ACK - Retransmitindo PROGRESS (tentativa 2)
[ClienteUDP] PROGRESS enviado (seq=6, progresso=0.00%%)
[TCP] Telemetria enviada: MensagemTCP{header=CabecalhoTCP{tipo=MSG_TELEMETRY, e=2, r=1, missao=1, ts=1763755221079}, payload=Telemetria{(10.00,0.00), estado=ESTADO_EM_MISSAO, bateria=100.0%, vel=0.00m/s}}
[TCP] Telemetria enviada: MensagemTCP{header=CabecalhoTCP{tipo=MSG_TELEMETRY, e=2, r=1, missao=1, ts=1763755226085}, payload=Telemetria{(10.00,0.00), estado=ESTADO_EM_MISSAO, bateria=100.0%, vel=0.00m/s}}
[ClienteUDP] Timeout aguardando ACK - Retransmitindo PROGRESS (tentativa 3)
[ClienteUDP] PROGRESS enviado (seq=7, progresso=0.00%%)
[TCP] Telemetria enviada: MensagemTCP{header=CabecalhoTCP{tipo=MSG_TELEMETRY, e=2, r=1, missao=1, ts=1763755231090}, payload=Telemetria{(10.00,0.00), estado=ESTADO_EM_MISSAO, bateria=100.0%, vel=0.00m/s}}
[TCP] Telemetria enviada: MensagemTCP{header=CabecalhoTCP{tipo=MSG_TELEMETRY, e=2, r=1, missao=1, ts=1763755236094}, payload=Telemetria{(10.00,0.00), estado=ESTADO_EM_MISSAO, bateria=100.0%, vel=0.00m/s}}
[ClienteUDP] Timeout aguardando ACK - Retransmitindo PROGRESS (tentativa 1)
[ClienteUDP] PROGRESS enviado (seq=7, progresso=0.00%%)
[TCP] Telemetria enviada: MensagemTCP{header=CabecalhoTCP{tipo=MSG_TELEMETRY, e=2, r=1, missao=1, ts=1763755241099}, payload=Telemetria{(10.00,0.00), estado=ESTADO_EM_MISSAO, bateria=100.0%, vel=0.00m/s}}
[TCP] Telemetria enviada: MensagemTCP{header=CabecalhoTCP{tipo=MSG_TELEMETRY, e=2, r=1, missao=1, ts=1763755246103}, payload=Telemetria{(10.00,0.00), estado=ESTADO_EM_MISSAO, bateria=100.0%, vel=0.00m/s}}
[ClienteUDP] Timeout aguardando ACK - Retransmitindo PROGRESS (tentativa 2)
[ClienteUDP] PROGRESS enviado (seq=7, progresso=0.00%%)
[TCP] Telemetria enviada: MensagemTCP{header=CabecalhoTCP{tipo=MSG_TELEMETRY, e=2, r=1, missao=1, ts=1763755251107}, payload=Telemetria{(10.00,0.00), estado=ESTADO_EM_MISSAO, bateria=100.0%, vel=0.00m/s}}
[TCP] Telemetria enviada: MensagemTCP{header=CabecalhoTCP{tipo=MSG_TELEMETRY, e=2, r=1, missao=1, ts=1763755256111}, payload=Telemetria{(10.00,0.00), estado=ESTADO_EM_MISSAO, bateria=100.0%, vel=0.00m/s}}
[ClienteUDP] Timeout aguardando ACK - Retransmitindo PROGRESS (tentativa 3)
[ClienteUDP] PROGRESS enviado (seq=8, progresso=0.00%%)
[TCP] Telemetria enviada: MensagemTCP{header=CabecalhoTCP{tipo=MSG_TELEMETRY, e=2, r=1, missao=1, ts=1763755261116}, payload=Telemetria{(10.00,0.00), estado=ESTADO_EM_MISSAO, bateria=100.0%, vel=0.00m/s}}
[TCP] Telemetria enviada: MensagemTCP{header=CabecalhoTCP{tipo=MSG_TELEMETRY, e=2, r=1, missao=1, ts=1763755266120}, payload=Telemetria{(10.00,0.00), estado=ESTADO_EM_MISSAO, bateria=100.0%, vel=0.00m/s}}
[ClienteUDP] Timeout aguardando ACK - Retransmitindo PROGRESS (tentativa 1)
[ClienteUDP] PROGRESS enviado (seq=8, progresso=0.00%%)
[TCP] Telemetria enviada: MensagemTCP{header=CabecalhoTCP{tipo=MSG_TELEMETRY, e=2, r=1, missao=1, ts=1763755271124}, payload=Telemetria{(10.00,0.00), estado=ESTADO_EM_MISSAO, bateria=100.0%, vel=0.00m/s}}
[TCP] Telemetria enviada: MensagemTCP{header=CabecalhoTCP{tipo=MSG_TELEMETRY, e=2, r=1, missao=1, ts=1763755276128}, payload=Telemetria{(10.00,0.00), estado=ESTADO_EM_MISSAO, bateria=100.0%, vel=0.00m/s}}
[ClienteUDP] Timeout aguardando ACK - Retransmitindo PROGRESS (tentativa 2)
[ClienteUDP] PROGRESS enviado (seq=8, progresso=0.00%%)
[TCP] Telemetria enviada: MensagemTCP{header=CabecalhoTCP{tipo=MSG_TELEMETRY, e=2, r=1, missao=1, ts=1763755281132}, payload=Telemetria{(10.00,0.00), estado=ESTADO_EM_MISSAO, bateria=100.0%, vel=0.00m/s}}
[TCP] Telemetria enviada: MensagemTCP{header=CabecalhoTCP{tipo=MSG_TELEMETRY, e=2, r=1, missao=1, ts=1763755286136}, payload=Telemetria{(10.00,0.00), estado=ESTADO_EM_MISSAO, bateria=100.0%, vel=0.00m/s}}
[ClienteUDP] Timeout aguardando ACK - Retransmitindo PROGRESS (tentativa 3)
[ClienteUDP] PROGRESS enviado (seq=9, progresso=0.00%%)
[TCP] Telemetria enviada: MensagemTCP{header=CabecalhoTCP{tipo=MSG_TELEMETRY, e=2, r=1, missao=1, ts=1763755291139}, payload=Telemetria{(10.00,0.00), estado=ESTADO_EM_MISSAO, bateria=100.0%, vel=0.00m/s}}
[TCP] Telemetria enviada: MensagemTCP{header=CabecalhoTCP{tipo=MSG_TELEMETRY, e=2, r=1, missao=1, ts=1763755296143}, payload=Telemetria{(10.00,0.00), estado=ESTADO_EM_MISSAO, bateria=100.0%, vel=0.00m/s}}
[ClienteUDP] Timeout aguardando ACK - Retransmitindo PROGRESS (tentativa 1)
[ClienteUDP] PROGRESS enviado (seq=9, progresso=0.00%%)
[TCP] Telemetria enviada: MensagemTCP{header=CabecalhoTCP{tipo=MSG_TELEMETRY, e=2, r=1, missao=1, ts=1763755301147}, payload=Telemetria{(10.00,0.00), estado=ESTADO_EM_MISSAO, bateria=100.0%, vel=0.00m/s}}
[TCP] Telemetria enviada: MensagemTCP{header=CabecalhoTCP{tipo=MSG_TELEMETRY, e=2, r=1, missao=1, ts=1763755306150}, payload=Telemetria{(10.00,0.00), estado=ESTADO_EM_MISSAO, bateria=100.0%, vel=0.00m/s}}
[ClienteUDP] Timeout aguardando ACK - Retransmitindo PROGRESS (tentativa 2)
[ClienteUDP] PROGRESS enviado (seq=9, progresso=0.00%%)
[TCP] Telemetria enviada: MensagemTCP{header=CabecalhoTCP{tipo=MSG_TELEMETRY, e=2, r=1, missao=1, ts=1763755311154}, payload=Telemetria{(10.00,0.00), estado=ESTADO_EM_MISSAO, bateria=100.0%, vel=0.00m/s}}
[TCP] Telemetria enviada: MensagemTCP{header=CabecalhoTCP{tipo=MSG_TELEMETRY, e=2, r=1, missao=1, ts=1763755316158}, payload=Telemetria{(10.00,0.00), estado=ESTADO_EM_MISSAO, bateria=100.0%, vel=0.00m/s}}
[ClienteUDP] Timeout aguardando ACK - Retransmitindo PROGRESS (tentativa 3)
[ClienteUDP] PROGRESS enviado (seq=10, progresso=0.00%%)
[TCP] Telemetria enviada: MensagemTCP{header=CabecalhoTCP{tipo=MSG_TELEMETRY, e=2, r=1, missao=1, ts=1763755321162}, payload=Telemetria{(10.00,0.00), estado=ESTADO_EM_MISSAO, bateria=100.0%, vel=0.00m/s}}
[TCP] Telemetria enviada: MensagemTCP{header=CabecalhoTCP{tipo=MSG_TELEMETRY, e=2, r=1, missao=1, ts=1763755326166}, payload=Telemetria{(10.00,0.00), estado=ESTADO_EM_MISSAO, bateria=100.0%, vel=0.00m/s}}
[ClienteUDP] Timeout aguardando ACK - Retransmitindo PROGRESS (tentativa 1)
[ClienteUDP] PROGRESS enviado (seq=10, progresso=0.00%%)
[TCP] Telemetria enviada: MensagemTCP{header=CabecalhoTCP{tipo=MSG_TELEMETRY, e=2, r=1, missao=1, ts=1763755331170}, payload=Telemetria{(10.00,0.00), estado=ESTADO_EM_MISSAO, bateria=100.0%, vel=0.00m/s}}
[TCP] Telemetria enviada: MensagemTCP{header=CabecalhoTCP{tipo=MSG_TELEMETRY, e=2, r=1, missao=1, ts=1763755336174}, payload=Telemetria{(10.00,0.00), estado=ESTADO_EM_MISSAO, bateria=100.0%, vel=0.00m/s}}
[ClienteUDP] Timeout aguardando ACK - Retransmitindo PROGRESS (tentativa 2)
[ClienteUDP] PROGRESS enviado (seq=10, progresso=0.00%%)
[TCP] Telemetria enviada: MensagemTCP{header=CabecalhoTCP{tipo=MSG_TELEMETRY, e=2, r=1, missao=1, ts=1763755341178}, payload=Telemetria{(10.00,0.00), estado=ESTADO_EM_MISSAO, bateria=100.0%, vel=0.00m/s}}
[TCP] Telemetria enviada: MensagemTCP{header=CabecalhoTCP{tipo=MSG_TELEMETRY, e=2, r=1, missao=1, ts=1763755346182}, payload=Telemetria{(10.00,0.00), estado=ESTADO_EM_MISSAO, bateria=100.0%, vel=0.00m/s}}
[ClienteUDP] Timeout aguardando ACK - Retransmitindo PROGRESS (tentativa 3)
[ClienteUDP] PROGRESS enviado (seq=11, progresso=0.00%%)
[TCP] Telemetria enviada: MensagemTCP{header=CabecalhoTCP{tipo=MSG_TELEMETRY, e=2, r=1, missao=1, ts=1763755351186}, payload=Telemetria{(10.00,0.00), estado=ESTADO_EM_MISSAO, bateria=100.0%, vel=0.00m/s}}
[TCP] Telemetria enviada: MensagemTCP{header=CabecalhoTCP{tipo=MSG_TELEMETRY, e=2, r=1, missao=1, ts=1763755356190}, payload=Telemetria{(10.00,0.00), estado=ESTADO_EM_MISSAO, bateria=100.0%, vel=0.00m/s}}
[ClienteUDP] Timeout aguardando ACK - Retransmitindo PROGRESS (tentativa 1)
[ClienteUDP] PROGRESS enviado (seq=11, progresso=0.00%%)
[TCP] Telemetria enviada: MensagemTCP{header=CabecalhoTCP{tipo=MSG_TELEMETRY, e=2, r=1, missao=1, ts=1763755361194}, payload=Telemetria{(10.00,0.00), estado=ESTADO_EM_MISSAO, bateria=100.0%, vel=0.00m/s}}
[TCP] Telemetria enviada: MensagemTCP{header=CabecalhoTCP{tipo=MSG_TELEMETRY, e=2, r=1, missao=1, ts=1763755366199}, payload=Telemetria{(10.00,0.00), estado=ESTADO_EM_MISSAO, bateria=100.0%, vel=0.00m/s}}
[ClienteUDP] Timeout aguardando ACK - Retransmitindo PROGRESS (tentativa 2)
[ClienteUDP] PROGRESS enviado (seq=11, progresso=0.00%%)
[TCP] Telemetria enviada: MensagemTCP{header=CabecalhoTCP{tipo=MSG_TELEMETRY, e=2, r=1, missao=1, ts=1763755371003}, payload=Telemetria{(10.00,0.00), estado=ESTADO_EM_MISSAO, bateria=100.0%, vel=0.00m/s}}
[TCP] Telemetria enviada: MensagemTCP{header=CabecalhoTCP{tipo=MSG_TELEMETRY, e=2, r=1, missao=1, ts=1763755376008}, payload=Telemetria{(10.00,0.00), estado=ESTADO_EM_MISSAO, bateria=100.0%, vel=0.00m/s}}
[ClienteUDP] Timeout aguardando ACK - Retransmitindo PROGRESS (tentativa 3)
[ClienteUDP] PROGRESS enviado (seq=12, progresso=0.00%%)
[TCP] Telemetria enviada: MensagemTCP{header=CabecalhoTCP{tipo=MSG_TELEMETRY, e=2, r=1, missao=1, ts=1763755381012}, payload=Telemetria{(10.00,0.00), estado=ESTADO_EM_MISSAO, bateria=100.0%, vel=0.00m/s}}
[TCP] Telemetria enviada: MensagemTCP{header=CabecalhoTCP{tipo=MSG_TELEMETRY, e=2, r=1, missao=1, ts=1763755386016}, payload=Telemetria{(10.00,0.00), estado=ESTADO_EM_MISSAO, bateria=100.0%, vel=0.00m/s}}
[ClienteUDP] Timeout aguardando ACK - Retransmitindo PROGRESS (tentativa 1)
[ClienteUDP] PROGRESS enviado (seq=12, progresso=0.00%%)
[TCP] Telemetria enviada: MensagemTCP{header=CabecalhoTCP{tipo=MSG_TELEMETRY, e=2, r=1, missao=1, ts=1763755391020}, payload=Telemetria{(10.00,0.00), estado=ESTADO_EM_MISSAO, bateria=100.0%, vel=0.00m/s}}
[TCP] Telemetria enviada: MensagemTCP{header=CabecalhoTCP{tipo=MSG_TELEMETRY, e=2, r=1, missao=1, ts=1763755396023}, payload=Telemetria{(10.00,0.00), estado=ESTADO_EM_MISSAO, bateria=100.0%, vel=0.00m/s}}
[ClienteUDP] Timeout aguardando ACK - Retransmitindo PROGRESS (tentativa 2)
[ClienteUDP] PROGRESS enviado (seq=12, progresso=0.00%%)
[TCP] Telemetria enviada: MensagemTCP{header=CabecalhoTCP{tipo=MSG_TELEMETRY, e=2, r=1, missao=1, ts=1763755401027}, payload=Telemetria{(10.00,0.00), estado=ESTADO_EM_MISSAO, bateria=100.0%, vel=0.00m/s}}
[TCP] Telemetria enviada: MensagemTCP{header=CabecalhoTCP{tipo=MSG_TELEMETRY, e=2, r=1, missao=1, ts=1763755406032}, payload=Telemetria{(10.00,0.00), estado=ESTADO_EM_MISSAO, bateria=100.0%, vel=0.00m/s}}
[ClienteUDP] Timeout aguardando ACK - Retransmitindo PROGRESS (tentativa 3)
[ClienteUDP] PROGRESS enviado (seq=13, progresso=0.00%%)
[TCP] Telemetria enviada: MensagemTCP{header=CabecalhoTCP{tipo=MSG_TELEMETRY, e=2, r=1, missao=1, ts=1763755411037}, payload=Telemetria{(10.00,0.00), estado=ESTADO_EM_MISSAO, bateria=100.0%, vel=0.00m/s}}
[TCP] Telemetria enviada: MensagemTCP{header=CabecalhoTCP{tipo=MSG_TELEMETRY, e=2, r=1, missao=1, ts=1763755416040}, payload=Telemetria{(10.00,0.00), estado=ESTADO_EM_MISSAO, bateria=100.0%, vel=0.00m/s}}
[ClienteUDP] Timeout aguardando ACK - Retransmitindo PROGRESS (tentativa 1)
[ClienteUDP] PROGRESS enviado (seq=13, progresso=0.00%%)
[TCP] Telemetria enviada: MensagemTCP{header=CabecalhoTCP{tipo=MSG_TELEMETRY, e=2, r=1, missao=1, ts=1763755421044}, payload=Telemetria{(10.00,0.00), estado=ESTADO_EM_MISSAO, bateria=100.0%, vel=0.00m/s}}
[TCP] Telemetria enviada: MensagemTCP{header=CabecalhoTCP{tipo=MSG_TELEMETRY, e=2, r=1, missao=1, ts=1763755426048}, payload=Telemetria{(10.00,0.00), estado=ESTADO_EM_MISSAO, bateria=100.0%, vel=0.00m/s}}
[ClienteUDP] Timeout aguardando ACK - Retransmitindo PROGRESS (tentativa 2)
[ClienteUDP] PROGRESS enviado (seq=13, progresso=0.00%%)
[TCP] Telemetria enviada: MensagemTCP{header=CabecalhoTCP{tipo=MSG_TELEMETRY, e=2, r=1, missao=1, ts=1763755431052}, payload=Telemetria{(10.00,0.00), estado=ESTADO_EM_MISSAO, bateria=100.0%, vel=0.00m/s}}
[TCP] Telemetria enviada: MensagemTCP{header=CabecalhoTCP{tipo=MSG_TELEMETRY, e=2, r=1, missao=1, ts=1763755436055}, payload=Telemetria{(10.00,0.00), estado=ESTADO_EM_MISSAO, bateria=100.0%, vel=0.00m/s}}
[ClienteUDP] Timeout aguardando ACK - Retransmitindo PROGRESS (tentativa 3)
[ClienteUDP] PROGRESS enviado (seq=14, progresso=0.00%%)
[TCP] Telemetria enviada: MensagemTCP{header=CabecalhoTCP{tipo=MSG_TELEMETRY, e=2, r=1, missao=1, ts=1763755441060}, payload=Telemetria{(10.00,0.00), estado=ESTADO_EM_MISSAO, bateria=100.0%, vel=0.00m/s}}
[TCP] Telemetria enviada: MensagemTCP{header=CabecalhoTCP{tipo=MSG_TELEMETRY, e=2, r=1, missao=1, ts=1763755446064}, payload=Telemetria{(10.00,0.00), estado=ESTADO_EM_MISSAO, bateria=100.0%, vel=0.00m/s}}
[ClienteUDP] Timeout aguardando ACK - Retransmitindo PROGRESS (tentativa 1)
[ClienteUDP] PROGRESS enviado (seq=14, progresso=0.00%%)
[TCP] Telemetria enviada: MensagemTCP{header=CabecalhoTCP{tipo=MSG_TELEMETRY, e=2, r=1, missao=1, ts=1763755451068}, payload=Telemetria{(10.00,0.00), estado=ESTADO_EM_MISSAO, bateria=100.0%, vel=0.00m/s}}
[TCP] Telemetria enviada: MensagemTCP{header=CabecalhoTCP{tipo=MSG_TELEMETRY, e=2, r=1, missao=1, ts=1763755456071}, payload=Telemetria{(10.00,0.00), estado=ESTADO_EM_MISSAO, bateria=100.0%, vel=0.00m/s}}
[ClienteUDP] Timeout aguardando ACK - Retransmitindo PROGRESS (tentativa 2)
[ClienteUDP] PROGRESS enviado (seq=14, progresso=0.00%%)
[TCP] Telemetria enviada: MensagemTCP{header=CabecalhoTCP{tipo=MSG_TELEMETRY, e=2, r=1, missao=1, ts=1763755461075}, payload=Telemetria{(10.00,0.00), estado=ESTADO_EM_MISSAO, bateria=100.0%, vel=0.00m/s}}
[TCP] Telemetria enviada: MensagemTCP{header=CabecalhoTCP{tipo=MSG_TELEMETRY, e=2, r=1, missao=1, ts=1763755466079}, payload=Telemetria{(10.00,0.00), estado=ESTADO_EM_MISSAO, bateria=100.0%, vel=0.00m/s}}
[ClienteUDP] Timeout aguardando ACK - Retransmitindo PROGRESS (tentativa 3)
[ClienteUDP] PROGRESS enviado (seq=15, progresso=0.00%%)
[TCP] Telemetria enviada: MensagemTCP{header=CabecalhoTCP{tipo=MSG_TELEMETRY, e=2, r=1, missao=1, ts=1763755471083}, payload=Telemetria{(10.00,0.00), estado=ESTADO_EM_MISSAO, bateria=100.0%, vel=0.00m/s}}
[TCP] Telemetria enviada: MensagemTCP{header=CabecalhoTCP{tipo=MSG_TELEMETRY, e=2, r=1, missao=1, ts=1763755476086}, payload=Telemetria{(10.00,0.00), estado=ESTADO_EM_MISSAO, bateria=100.0%, vel=0.00m/s}}
[ClienteUDP] Timeout aguardando ACK - Retransmitindo PROGRESS (tentativa 1)
[ClienteUDP] PROGRESS enviado (seq=15, progresso=0.00%%)
[TCP] Telemetria enviada: MensagemTCP{header=CabecalhoTCP{tipo=MSG_TELEMETRY, e=2, r=1, missao=1, ts=1763755481092}, payload=Telemetria{(10.00,0.00), estado=ESTADO_EM_MISSAO, bateria=100.0%, vel=0.00m/s}}
[TCP] Telemetria enviada: MensagemTCP{header=CabecalhoTCP{tipo=MSG_TELEMETRY, e=2, r=1, missao=1, ts=1763755486096}, payload=Telemetria{(10.00,0.00), estado=ESTADO_EM_MISSAO, bateria=100.0%, vel=0.00m/s}}
[ClienteUDP] Timeout aguardando ACK - Retransmitindo PROGRESS (tentativa 2)
[ClienteUDP] PROGRESS enviado (seq=15, progresso=0.00%%)
[TCP] Telemetria enviada: MensagemTCP{header=CabecalhoTCP{tipo=MSG_TELEMETRY, e=2, r=1, missao=1, ts=1763755491099}, payload=Telemetria{(10.00,0.00), estado=ESTADO_EM_MISSAO, bateria=100.0%, vel=0.00m/s}}
[TCP] Telemetria enviada: MensagemTCP{header=CabecalhoTCP{tipo=MSG_TELEMETRY, e=2, r=1, missao=1, ts=1763755496103}, payload=Telemetria{(10.00,0.00), estado=ESTADO_EM_MISSAO, bateria=100.0%, vel=0.00m/s}}
[ClienteUDP] Timeout aguardando ACK - Retransmitindo PROGRESS (tentativa 3)
[ClienteUDP] PROGRESS enviado (seq=16, progresso=0.00%%)
[TCP] Telemetria enviada: MensagemTCP{header=CabecalhoTCP{tipo=MSG_TELEMETRY, e=2, r=1, missao=1, ts=1763755501108}, payload=Telemetria{(10.00,0.00), estado=ESTADO_EM_MISSAO, bateria=100.0%, vel=0.00m/s}}
